<?xml version="1.0" encoding="UTF-8"?>
<testsuite xmlns:xsi="http://www.w3.org/2001/XMLSchema-instance" xsi:noNamespaceSchemaLocation="https://maven.apache.org/surefire/maven-surefire-plugin/xsd/surefire-test-report.xsd" version="3.0.2" name="mx.uady.aws.sice_api.SiceApiApplicationTests" time="8.007" tests="1" errors="0" skipped="0" failures="0">
  <properties>
[...]
</properties>
  <testcase name="contextLoads" classname="mx.uady.aws.sice_api.SiceApiApplicationTests" time="1.339">
    <system-out><![CDATA[00:45:18.874 [main] INFO org.springframework.test.context.support.AnnotationConfigContextLoaderUtils -- Could not detect default configuration classes for test class [mx.uady.aws.sice_api.SiceApiApplicationTests]: SiceApiApplicationTests does not declare any static, non-private, non-final, nested classes annotated with @Configuration.
00:45:19.080 [main] INFO org.springframework.boot.test.context.SpringBootTestContextBootstrapper -- Found @SpringBootConfiguration mx.uady.aws.sice_api.SiceApiApplication for test class mx.uady.aws.sice_api.SiceApiApplicationTests

  .   ____          _            __ _ _
 /\\ / ___'_ __ _ _(_)_ __  __ _ \ \ \ \
( ( )\___ | '_ | '_| | '_ \/ _` | \ \ \ \
 \\/  ___)| |_)| | | | | || (_| |  ) ) ) )
  '  |____| .__|_| |_|_| |_\__, | / / / /
 =========|_|==============|___/=/_/_/_/

 :: Spring Boot ::                (v4.0.0)

2025-12-10T00:45:22.112-06:00  INFO 27940 --- [sice-api] [           main] m.u.a.sice_api.SiceApiApplicationTests   : Starting SiceApiApplicationTests using Java 17.0.17 with PID 27940 (started by jesus in C:\Users\jesus\Documents\Tareas FMAT\Semestre_5\AWS Academy Cloud Foundations\Proyecto Final\project\sice-api)
2025-12-10T00:45:22.112-06:00  INFO 27940 --- [sice-api] [           main] m.u.a.sice_api.SiceApiApplicationTests   : No active profile set, falling back to 1 default profile: "default"
2025-12-10T00:45:25.157-06:00  INFO 27940 --- [sice-api] [           main] m.u.a.sice_api.SiceApiApplicationTests   : Started SiceApiApplicationTests in 5.725 seconds (process running for 10.176)
]]></system-out>
  </testcase>
</testsuite>